<?xml version="1.0" encoding="UTF-8"?>
<!-- Generated by org.testng.reporters.JUnitXMLReporter -->
<testsuite ignored="0" hostname="DESKTOP-NLD49EE" failures="0" tests="1" name="MasterSuite" time="1.443" errors="0" timestamp="2025-01-23T15:30:09 IST">
  <testcase classname="testBase.BaseClass" name="@BeforeClass setUp" time="1.401">
    <failure type="java.lang.NullPointerException" message="Cannot invoke &amp;quot;java.util.Properties.load(java.io.InputStream)&amp;quot; because &amp;quot;this.properties&amp;quot; is null">
      <![CDATA[java.lang.NullPointerException: Cannot invoke "java.util.Properties.load(java.io.InputStream)" because "this.properties" is null
at testBase.BaseClass.setUp(BaseClass.java:45)
at java.base/java.util.ArrayList.forEach(ArrayList.java:1597)
... Removed 23 stack frames]]>
    </failure>
  </testcase> <!-- @BeforeClass setUp -->
  <testcase classname="testBase.BaseClass" name="@AfterClass tearDown" time="0.0">
    <skipped/>
  </testcase> <!-- @AfterClass tearDown -->
  <testcase classname="testCases.TC002_LoginTestCase" name="verifyLogin" time="0.001">
    <skipped/>
  </testcase> <!-- verifyLogin -->
</testsuite> <!-- MasterSuite -->
