<?xml version="1.0" encoding="UTF-8"?>
<testng-results ignored="0" total="2" passed="2" failed="0" skipped="0">
  <reporter-output>
  </reporter-output>
  <suite started-at="2025-01-26T14:35:03 IST" name="MasterSuite" finished-at="2025-01-26T14:35:19 IST" duration-ms="16174">
    <groups>
      <group name="Master">
        <method signature="TC001_AccountRegistration.verifyAccountRegistration()[pri:0, instance:testCases.TC001_AccountRegistration@68702e03]" name="verifyAccountRegistration" class="testCases.TC001_AccountRegistration"/>
        <method signature="TC002_LoginTestCase.verifyLogin()[pri:0, instance:testCases.TC002_LoginTestCase@21ba0741]" name="verifyLogin" class="testCases.TC002_LoginTestCase"/>
      </group> <!-- Master -->
      <group name="Sanity">
        <method signature="TC002_LoginTestCase.verifyLogin()[pri:0, instance:testCases.TC002_LoginTestCase@21ba0741]" name="verifyLogin" class="testCases.TC002_LoginTestCase"/>
      </group> <!-- Sanity -->
      <group name="Regression">
        <method signature="TC001_AccountRegistration.verifyAccountRegistration()[pri:0, instance:testCases.TC001_AccountRegistration@68702e03]" name="verifyAccountRegistration" class="testCases.TC001_AccountRegistration"/>
      </group> <!-- Regression -->
    </groups>
    <test started-at="2025-01-26T14:35:03 IST" name="TestCaseExecution" finished-at="2025-01-26T14:35:19 IST" duration-ms="16174">
      <class name="testCases.TC002_LoginTestCase">
        <test-method is-config="true" signature="setUp(java.lang.String,java.lang.String)[pri:0, instance:testCases.TC002_LoginTestCase@21ba0741]" started-at="2025-01-26T14:35:14 IST" name="setUp" finished-at="2025-01-26T14:35:17 IST" duration-ms="3411" status="PASS">
          <params>
            <param index="0">
              <value>
                <![CDATA[windows]]>
              </value>
            </param>
            <param index="1">
              <value>
                <![CDATA[chrome]]>
              </value>
            </param>
          </params>
          <reporter-output>
          </reporter-output>
        </test-method> <!-- setUp -->
        <test-method signature="verifyLogin()[pri:0, instance:testCases.TC002_LoginTestCase@21ba0741]" started-at="2025-01-26T14:35:17 IST" name="verifyLogin" finished-at="2025-01-26T14:35:19 IST" duration-ms="1623" status="PASS">
          <reporter-output>
          </reporter-output>
        </test-method> <!-- verifyLogin -->
        <test-method is-config="true" signature="tearDown()[pri:0, instance:testCases.TC002_LoginTestCase@21ba0741]" started-at="2025-01-26T14:35:19 IST" name="tearDown" finished-at="2025-01-26T14:35:19 IST" duration-ms="202" status="PASS">
          <reporter-output>
          </reporter-output>
        </test-method> <!-- tearDown -->
      </class> <!-- testCases.TC002_LoginTestCase -->
      <class name="testCases.TC001_AccountRegistration">
        <test-method is-config="true" signature="setUp(java.lang.String,java.lang.String)[pri:0, instance:testCases.TC001_AccountRegistration@68702e03]" started-at="2025-01-26T14:35:03 IST" name="setUp" finished-at="2025-01-26T14:35:07 IST" duration-ms="3741" status="PASS">
          <params>
            <param index="0">
              <value>
                <![CDATA[windows]]>
              </value>
            </param>
            <param index="1">
              <value>
                <![CDATA[chrome]]>
              </value>
            </param>
          </params>
          <reporter-output>
          </reporter-output>
        </test-method> <!-- setUp -->
        <test-method signature="verifyAccountRegistration()[pri:0, instance:testCases.TC001_AccountRegistration@68702e03]" started-at="2025-01-26T14:35:07 IST" name="verifyAccountRegistration" finished-at="2025-01-26T14:35:13 IST" duration-ms="6695" status="PASS">
          <reporter-output>
          </reporter-output>
        </test-method> <!-- verifyAccountRegistration -->
        <test-method is-config="true" signature="tearDown()[pri:0, instance:testCases.TC001_AccountRegistration@68702e03]" started-at="2025-01-26T14:35:13 IST" name="tearDown" finished-at="2025-01-26T14:35:14 IST" duration-ms="272" status="PASS">
          <reporter-output>
          </reporter-output>
        </test-method> <!-- tearDown -->
      </class> <!-- testCases.TC001_AccountRegistration -->
    </test> <!-- TestCaseExecution -->
  </suite> <!-- MasterSuite -->
</testng-results>
