<?xml version="1.0" encoding="UTF-8"?>
<testng-results ignored="0" total="2" passed="2" failed="0" skipped="0">
  <reporter-output>
  </reporter-output>
  <suite started-at="2025-01-26T23:42:17 IST" name="MasterSuite" finished-at="2025-01-26T23:42:34 IST" duration-ms="16377">
    <groups>
      <group name="Master">
        <method signature="TC001_AccountRegistration.verifyAccountRegistration()[pri:0, instance:testCases.TC001_AccountRegistration@32c726ee]" name="verifyAccountRegistration" class="testCases.TC001_AccountRegistration"/>
        <method signature="TC002_LoginTestCase.verifyLogin()[pri:0, instance:testCases.TC002_LoginTestCase@2c4d1ac]" name="verifyLogin" class="testCases.TC002_LoginTestCase"/>
      </group> <!-- Master -->
      <group name="Sanity">
        <method signature="TC002_LoginTestCase.verifyLogin()[pri:0, instance:testCases.TC002_LoginTestCase@2c4d1ac]" name="verifyLogin" class="testCases.TC002_LoginTestCase"/>
      </group> <!-- Sanity -->
      <group name="Regression">
        <method signature="TC001_AccountRegistration.verifyAccountRegistration()[pri:0, instance:testCases.TC001_AccountRegistration@32c726ee]" name="verifyAccountRegistration" class="testCases.TC001_AccountRegistration"/>
      </group> <!-- Regression -->
    </groups>
    <test started-at="2025-01-26T23:42:17 IST" name="TestCaseExecution" finished-at="2025-01-26T23:42:34 IST" duration-ms="16377">
      <class name="testCases.TC002_LoginTestCase">
        <test-method is-config="true" signature="setUp(java.lang.String,java.lang.String)[pri:0, instance:testCases.TC002_LoginTestCase@2c4d1ac]" started-at="2025-01-26T23:42:29 IST" name="setUp" finished-at="2025-01-26T23:42:32 IST" duration-ms="3159" status="PASS">
          <params>
            <param index="0">
              <value>
                <![CDATA[windows]]>
              </value>
            </param>
            <param index="1">
              <value>
                <![CDATA[chrome]]>
              </value>
            </param>
          </params>
          <reporter-output>
          </reporter-output>
        </test-method> <!-- setUp -->
        <test-method signature="verifyLogin()[pri:0, instance:testCases.TC002_LoginTestCase@2c4d1ac]" started-at="2025-01-26T23:42:32 IST" name="verifyLogin" finished-at="2025-01-26T23:42:33 IST" duration-ms="1514" status="PASS">
          <reporter-output>
          </reporter-output>
        </test-method> <!-- verifyLogin -->
        <test-method is-config="true" signature="tearDown()[pri:0, instance:testCases.TC002_LoginTestCase@2c4d1ac]" started-at="2025-01-26T23:42:33 IST" name="tearDown" finished-at="2025-01-26T23:42:34 IST" duration-ms="209" status="PASS">
          <reporter-output>
          </reporter-output>
        </test-method> <!-- tearDown -->
      </class> <!-- testCases.TC002_LoginTestCase -->
      <class name="testCases.TC001_AccountRegistration">
        <test-method is-config="true" signature="setUp(java.lang.String,java.lang.String)[pri:0, instance:testCases.TC001_AccountRegistration@32c726ee]" started-at="2025-01-26T23:42:17 IST" name="setUp" finished-at="2025-01-26T23:42:22 IST" duration-ms="4363" status="PASS">
          <params>
            <param index="0">
              <value>
                <![CDATA[windows]]>
              </value>
            </param>
            <param index="1">
              <value>
                <![CDATA[chrome]]>
              </value>
            </param>
          </params>
          <reporter-output>
          </reporter-output>
        </test-method> <!-- setUp -->
        <test-method signature="verifyAccountRegistration()[pri:0, instance:testCases.TC001_AccountRegistration@32c726ee]" started-at="2025-01-26T23:42:22 IST" name="verifyAccountRegistration" finished-at="2025-01-26T23:42:29 IST" duration-ms="6635" status="PASS">
          <reporter-output>
          </reporter-output>
        </test-method> <!-- verifyAccountRegistration -->
        <test-method is-config="true" signature="tearDown()[pri:0, instance:testCases.TC001_AccountRegistration@32c726ee]" started-at="2025-01-26T23:42:29 IST" name="tearDown" finished-at="2025-01-26T23:42:29 IST" duration-ms="283" status="PASS">
          <reporter-output>
          </reporter-output>
        </test-method> <!-- tearDown -->
      </class> <!-- testCases.TC001_AccountRegistration -->
    </test> <!-- TestCaseExecution -->
  </suite> <!-- MasterSuite -->
</testng-results>
